SF:lib\src\interface.paw.dart
DA:43,2
DA:51,0
DA:103,1
DA:108,1
DA:111,1
DA:113,1
DA:115,1
DA:116,1
DA:117,2
DA:118,1
DA:121,1
DA:122,1
DA:123,1
DA:127,1
DA:129,2
DA:132,2
DA:147,1
DA:152,1
DA:155,1
DA:157,1
DA:159,1
DA:160,1
DA:161,2
DA:162,1
DA:165,1
DA:166,1
DA:167,1
DA:171,1
DA:173,2
DA:176,2
DA:192,1
DA:197,1
DA:200,1
DA:202,1
DA:204,1
DA:205,1
DA:206,2
DA:207,1
DA:210,1
DA:211,1
DA:212,1
DA:216,1
DA:218,1
DA:221,2
DA:236,1
DA:241,1
DA:244,1
DA:246,1
DA:248,1
DA:249,1
DA:250,2
DA:251,1
DA:254,1
DA:255,1
DA:256,1
DA:260,1
DA:262,2
DA:266,2
DA:286,1
DA:292,1
DA:295,1
DA:297,1
DA:299,1
DA:300,1
DA:301,2
DA:302,1
DA:305,1
DA:306,1
DA:307,1
DA:311,1
DA:313,2
DA:316,1
DA:318,1
DA:321,1
DA:323,1
DA:324,1
DA:327,1
DA:329,2
DA:332,2
DA:334,1
DA:335,3
DA:355,1
DA:361,1
DA:364,1
DA:366,1
DA:368,1
DA:369,1
DA:370,2
DA:371,1
DA:374,1
DA:375,1
DA:376,1
DA:380,1
DA:382,2
DA:385,1
DA:387,1
DA:390,1
DA:392,1
DA:393,1
DA:396,1
DA:398,2
DA:401,2
DA:403,1
DA:404,3
LF:104
LH:103
end_of_record
SF:lib\src\logger.paw.dart
DA:101,1
DA:109,1
DA:116,1
LF:3
LH:3
end_of_record
SF:lib\src\ansi\colors.ansi.paw.dart
DA:31,10
DA:50,1
DA:62,3
DA:67,3
DA:72,3
DA:76,2
DA:167,10
DA:186,1
DA:198,3
DA:203,3
DA:208,3
DA:212,2
LF:12
LH:12
end_of_record
SF:lib\src\themes\custom.themes.paw.dart
DA:70,1
DA:96,1
DA:97,1
DA:99,1
DA:100,1
DA:102,1
DA:103,1
DA:105,1
DA:106,1
DA:108,1
DA:109,1
DA:111,1
DA:112,1
DA:114,1
DA:115,1
DA:117,1
DA:118,1
DA:120,1
DA:121,1
DA:123,1
DA:124,1
DA:126,1
DA:127,1
DA:129,1
DA:130,1
LF:25
LH:25
end_of_record
SF:lib\src\themes\dark.themes.paw.dart
DA:10,3
DA:13,2
DA:16,3
DA:21,2
DA:24,2
DA:29,2
DA:32,2
DA:35,2
DA:38,2
DA:41,2
DA:44,2
DA:47,3
LF:12
LH:12
end_of_record
SF:lib\src\themes\light.themes.paw.dart
DA:10,1
DA:13,1
DA:16,1
DA:21,1
DA:24,1
DA:29,1
DA:32,1
DA:35,1
DA:38,1
DA:41,1
DA:44,1
DA:47,1
LF:12
LH:12
end_of_record
SF:lib\src\utils\logging.utils.paw.dart
DA:25,2
DA:32,2
DA:35,10
DA:38,5
DA:44,2
DA:49,2
DA:52,5
DA:56,2
DA:58,10
DA:64,2
DA:69,6
DA:75,2
DA:76,2
DA:78,20
DA:90,2
DA:96,1
DA:99,6
DA:100,2
DA:101,2
DA:102,2
DA:105,0
DA:109,2
DA:114,2
DA:117,2
DA:119,4
DA:123,2
DA:125,4
DA:127,2
DA:138,2
DA:148,2
DA:151,2
DA:153,1
DA:156,1
DA:157,4
DA:159,1
DA:160,1
DA:165,0
DA:180,2
DA:188,2
DA:193,4
DA:196,2
DA:198,12
DA:201,2
DA:205,0
DA:214,2
DA:220,3
DA:226,2
DA:227,6
DA:229,6
DA:242,2
DA:244,2
LF:51
LH:48
end_of_record
